<?xml version="1.0" encoding="UTF-8"?>
<!-- Generated by org.testng.reporters.JUnitReportReporter -->
<testsuite name="com.test1.test.MyAccountPageTests" tests="1" time="13.447" ignored="0" failures="0" timestamp="31 Jan 2017 19:32:33 GMT" skipped="0" hostname="radhasash-PC" errors="0">
  <testcase name="f" time="13.447" classname="com.test1.test.MyAccountPageTests"/>
</testsuite> <!-- com.test1.test.MyAccountPageTests -->
