<?xml version="1.0" encoding="UTF-8"?>
<!-- Generated by org.testng.reporters.JUnitReportReporter -->
<testsuite name="com.test1.test.MyAccountPageTest" tests="1" time="11.954" ignored="0" failures="0" timestamp="31 Jan 2017 19:51:29 GMT" skipped="0" hostname="radhasash-PC" errors="0">
  <testcase name="f" time="11.954" classname="com.test1.test.MyAccountPageTest"/>
</testsuite> <!-- com.test1.test.MyAccountPageTest -->
